# JRE version: OpenJDK Runtime Environment Temurin-22.0.1+8 (22.0.1+8) (build 22.0.1+8)
# Java VM: OpenJDK 64-Bit Server VM Temurin-22.0.1+8 (22.0.1+8, mixed mode, tiered, compressed oops, compressed class ptrs, g1 gc, windows-amd64)
GC Precious Log:
 CardTable entry size: 512
 Card Set container configuration: InlinePtr #cards 5 size 8 Array Of Cards #cards 12 size 40 Howl #buckets 4 coarsen threshold 1843 Howl Bitmap #cards 512 size 80 coarsen threshold 460 Card regions per heap region 1 cards per card region 2048
 CPUs: 16 total, 16 available
 Memory: 7514M
 Large Page Support: Disabled
 NUMA Support: Disabled
 Compressed Oops: Enabled (32-bit)
 Heap Region Size: 1M
 Heap Min Capacity: 8M
 Heap Initial Capacity: 118M
 Heap Max Capacity: 1880M
 Pre-touch: Disabled
 Parallel Workers: 13
 Concurrent Workers: 3
 Concurrent Refinement Workers: 13
 Periodic GC: Disabled
Heap:
 garbage-first heap   total reserved 1925120K, committed 49152K, used 25391K [0x000000008a800000, 0x0000000100000000)
  region size 1024K, 9 young (9216K), 3 survivors (3072K)
 Metaspace       used 42897K, committed 43456K, reserved 1114112K
  class space    used 4976K, committed 5248K, reserved 1048576K
GC Heap History (20 events):
Event: 3.112 GC heap before
{Heap before GC invocations=4 (full 0):
 garbage-first heap   total reserved 1925120K, committed 37888K, used 36641K [0x000000008a800000, 0x0000000100000000)
  region size 1024K, 29 young (29696K), 3 survivors (3072K)
 Metaspace       used 24581K, committed 24960K, reserved 1114112K
  class space    used 2615K, committed 2752K, reserved 1048576K
}
Event: 3.116 GC heap after
{Heap after GC invocations=5 (full 0):
 garbage-first heap   total reserved 1925120K, committed 40960K, used 10993K [0x000000008a800000, 0x0000000100000000)
  region size 1024K, 3 young (3072K), 3 survivors (3072K)
 Metaspace       used 24581K, committed 24960K, reserved 1114112K
  class space    used 2615K, committed 2752K, reserved 1048576K
}
Event: 3.370 GC heap before
{Heap before GC invocations=5 (full 0):
 garbage-first heap   total reserved 1925120K, committed 40960K, used 31473K [0x000000008a800000, 0x0000000100000000)
  region size 1024K, 24 young (24576K), 3 survivors (3072K)
 Metaspace       used 27163K, committed 27520K, reserved 1114112K
  class space    used 2896K, committed 3072K, reserved 1048576K
}
Event: 3.374 GC heap after
{Heap after GC invocations=6 (full 0):
 garbage-first heap   total reserved 1925120K, committed 40960K, used 12217K [0x000000008a800000, 0x0000000100000000)
  region size 1024K, 2 young (2048K), 2 survivors (2048K)
 Metaspace       used 27163K, committed 27520K, reserved 1114112K
  class space    used 2896K, committed 3072K, reserved 1048576K
}
Event: 3.575 GC heap before
{Heap before GC invocations=6 (full 0):
 garbage-first heap   total reserved 1925120K, committed 40960K, used 32697K [0x000000008a800000, 0x0000000100000000)
  region size 1024K, 23 young (23552K), 2 survivors (2048K)
 Metaspace       used 29372K, committed 29760K, reserved 1114112K
  class space    used 3171K, committed 3328K, reserved 1048576K
}
Event: 3.578 GC heap after
{Heap after GC invocations=7 (full 0):
 garbage-first heap   total reserved 1925120K, committed 40960K, used 12552K [0x000000008a800000, 0x0000000100000000)
  region size 1024K, 2 young (2048K), 2 survivors (2048K)
 Metaspace       used 29372K, committed 29760K, reserved 1114112K
  class space    used 3171K, committed 3328K, reserved 1048576K
}
Event: 3.969 GC heap before
{Heap before GC invocations=7 (full 0):
 garbage-first heap   total reserved 1925120K, committed 40960K, used 33032K [0x000000008a800000, 0x0000000100000000)
  region size 1024K, 23 young (23552K), 2 survivors (2048K)
 Metaspace       used 31220K, committed 31616K, reserved 1114112K
  class space    used 3426K, committed 3584K, reserved 1048576K
}
Event: 3.972 GC heap after
{Heap after GC invocations=8 (full 0):
 garbage-first heap   total reserved 1925120K, committed 49152K, used 13723K [0x000000008a800000, 0x0000000100000000)
  region size 1024K, 3 young (3072K), 3 survivors (3072K)
 Metaspace       used 31220K, committed 31616K, reserved 1114112K
  class space    used 3426K, committed 3584K, reserved 1048576K
}
Event: 4.820 GC heap before
{Heap before GC invocations=8 (full 0):
 garbage-first heap   total reserved 1925120K, committed 49152K, used 38299K [0x000000008a800000, 0x0000000100000000)
  region size 1024K, 28 young (28672K), 3 survivors (3072K)
 Metaspace       used 32961K, committed 33408K, reserved 1114112K
  class space    used 3624K, committed 3840K, reserved 1048576K
}
Event: 4.824 GC heap after
{Heap after GC invocations=9 (full 0):
 garbage-first heap   total reserved 1925120K, committed 49152K, used 15561K [0x000000008a800000, 0x0000000100000000)
  region size 1024K, 4 young (4096K), 4 survivors (4096K)
 Metaspace       used 32961K, committed 33408K, reserved 1114112K
  class space    used 3624K, committed 3840K, reserved 1048576K
}
Event: 5.659 GC heap before
{Heap before GC invocations=9 (full 0):
 garbage-first heap   total reserved 1925120K, committed 49152K, used 39113K [0x000000008a800000, 0x0000000100000000)
  region size 1024K, 28 young (28672K), 4 survivors (4096K)
 Metaspace       used 34420K, committed 34816K, reserved 1114112K
  class space    used 3810K, committed 4032K, reserved 1048576K
}
Event: 5.663 GC heap after
{Heap after GC invocations=10 (full 0):
 garbage-first heap   total reserved 1925120K, committed 49152K, used 16242K [0x000000008a800000, 0x0000000100000000)
  region size 1024K, 3 young (3072K), 3 survivors (3072K)
 Metaspace       used 34420K, committed 34816K, reserved 1114112K
  class space    used 3810K, committed 4032K, reserved 1048576K
}
Event: 6.091 GC heap before
{Heap before GC invocations=10 (full 0):
 garbage-first heap   total reserved 1925120K, committed 49152K, used 32626K [0x000000008a800000, 0x0000000100000000)
  region size 1024K, 20 young (20480K), 3 survivors (3072K)
 Metaspace       used 35565K, committed 35968K, reserved 1114112K
  class space    used 3961K, committed 4160K, reserved 1048576K
}
Event: 6.094 GC heap after
{Heap after GC invocations=11 (full 0):
 garbage-first heap   total reserved 1925120K, committed 49152K, used 16859K [0x000000008a800000, 0x0000000100000000)
  region size 1024K, 2 young (2048K), 2 survivors (2048K)
 Metaspace       used 35565K, committed 35968K, reserved 1114112K
  class space    used 3961K, committed 4160K, reserved 1048576K
}
Event: 6.923 GC heap before
{Heap before GC invocations=12 (full 0):
 garbage-first heap   total reserved 1925120K, committed 49152K, used 43483K [0x000000008a800000, 0x0000000100000000)
  region size 1024K, 28 young (28672K), 2 survivors (2048K)
 Metaspace       used 37668K, committed 38144K, reserved 1114112K
  class space    used 4262K, committed 4480K, reserved 1048576K
}
Event: 6.927 GC heap after
{Heap after GC invocations=13 (full 0):
 garbage-first heap   total reserved 1925120K, committed 49152K, used 17810K [0x000000008a800000, 0x0000000100000000)
  region size 1024K, 3 young (3072K), 3 survivors (3072K)
 Metaspace       used 37668K, committed 38144K, reserved 1114112K
  class space    used 4262K, committed 4480K, reserved 1048576K
}
Event: 7.575 GC heap before
{Heap before GC invocations=13 (full 0):
 garbage-first heap   total reserved 1925120K, committed 49152K, used 41362K [0x000000008a800000, 0x0000000100000000)
  region size 1024K, 27 young (27648K), 3 survivors (3072K)
 Metaspace       used 40150K, committed 40640K, reserved 1114112K
  class space    used 4680K, committed 4864K, reserved 1048576K
}
Event: 7.581 GC heap after
{Heap after GC invocations=14 (full 0):
 garbage-first heap   total reserved 1925120K, committed 49152K, used 19091K [0x000000008a800000, 0x0000000100000000)
  region size 1024K, 4 young (4096K), 4 survivors (4096K)
 Metaspace       used 40150K, committed 40640K, reserved 1114112K
  class space    used 4680K, committed 4864K, reserved 1048576K
}
Event: 8.131 GC heap before
{Heap before GC invocations=14 (full 0):
 garbage-first heap   total reserved 1925120K, committed 49152K, used 40595K [0x000000008a800000, 0x0000000100000000)
  region size 1024K, 25 young (25600K), 4 survivors (4096K)
 Metaspace       used 42425K, committed 42880K, reserved 1114112K
  class space    used 4912K, committed 5120K, reserved 1048576K
}
Event: 8.136 GC heap after
{Heap after GC invocations=15 (full 0):
 garbage-first heap   total reserved 1925120K, committed 49152K, used 20271K [0x000000008a800000, 0x0000000100000000)
  region size 1024K, 3 young (3072K), 3 survivors (3072K)
 Metaspace       used 42425K, committed 42880K, reserved 1114112K
  class space    used 4912K, committed 5120K, reserved 1048576K
}

